Grammar

    0 $accept: input $end

    1 input: expression '\n'

    2 expression: NUMBER
    3           | expression PLUS expression
    4           | expression MINUS expression
    5           | expression MULTIPLY expression
    6           | expression DIVIDE expression
    7           | LPAREN expression RPAREN
    8           | MINUS expression


Terminals, with rules where they appear

$end (0) 0
'\n' (10) 1
error (256)
NUMBER (258) 2
PLUS (259) 3
MINUS (260) 4 8
MULTIPLY (261) 5
DIVIDE (262) 6
LPAREN (263) 7
RPAREN (264) 7
UMINUS (265)


Nonterminals, with rules where they appear

$accept (12)
    on left: 0
input (13)
    on left: 1, on right: 0
expression (14)
    on left: 2 3 4 5 6 7 8, on right: 1 3 4 5 6 7 8


state 0

    0 $accept: . input $end

    NUMBER  shift, and go to state 1
    MINUS   shift, and go to state 2
    LPAREN  shift, and go to state 3

    input       go to state 4
    expression  go to state 5


state 1

    2 expression: NUMBER .

    $default  reduce using rule 2 (expression)


state 2

    8 expression: MINUS . expression

    NUMBER  shift, and go to state 1
    MINUS   shift, and go to state 2
    LPAREN  shift, and go to state 3

    expression  go to state 6


state 3

    7 expression: LPAREN . expression RPAREN

    NUMBER  shift, and go to state 1
    MINUS   shift, and go to state 2
    LPAREN  shift, and go to state 3

    expression  go to state 7


state 4

    0 $accept: input . $end

    $end  shift, and go to state 8


state 5

    1 input: expression . '\n'
    3 expression: expression . PLUS expression
    4           | expression . MINUS expression
    5           | expression . MULTIPLY expression
    6           | expression . DIVIDE expression

    PLUS      shift, and go to state 9
    MINUS     shift, and go to state 10
    MULTIPLY  shift, and go to state 11
    DIVIDE    shift, and go to state 12
    '\n'      shift, and go to state 13


state 6

    3 expression: expression . PLUS expression
    4           | expression . MINUS expression
    5           | expression . MULTIPLY expression
    6           | expression . DIVIDE expression
    8           | MINUS expression .

    $default  reduce using rule 8 (expression)


state 7

    3 expression: expression . PLUS expression
    4           | expression . MINUS expression
    5           | expression . MULTIPLY expression
    6           | expression . DIVIDE expression
    7           | LPAREN expression . RPAREN

    PLUS      shift, and go to state 9
    MINUS     shift, and go to state 10
    MULTIPLY  shift, and go to state 11
    DIVIDE    shift, and go to state 12
    RPAREN    shift, and go to state 14


state 8

    0 $accept: input $end .

    $default  accept


state 9

    3 expression: expression PLUS . expression

    NUMBER  shift, and go to state 1
    MINUS   shift, and go to state 2
    LPAREN  shift, and go to state 3

    expression  go to state 15


state 10

    4 expression: expression MINUS . expression

    NUMBER  shift, and go to state 1
    MINUS   shift, and go to state 2
    LPAREN  shift, and go to state 3

    expression  go to state 16


state 11

    5 expression: expression MULTIPLY . expression

    NUMBER  shift, and go to state 1
    MINUS   shift, and go to state 2
    LPAREN  shift, and go to state 3

    expression  go to state 17


state 12

    6 expression: expression DIVIDE . expression

    NUMBER  shift, and go to state 1
    MINUS   shift, and go to state 2
    LPAREN  shift, and go to state 3

    expression  go to state 18


state 13

    1 input: expression '\n' .

    $default  reduce using rule 1 (input)


state 14

    7 expression: LPAREN expression RPAREN .

    $default  reduce using rule 7 (expression)


state 15

    3 expression: expression . PLUS expression
    3           | expression PLUS expression .
    4           | expression . MINUS expression
    5           | expression . MULTIPLY expression
    6           | expression . DIVIDE expression

    MULTIPLY  shift, and go to state 11
    DIVIDE    shift, and go to state 12

    $default  reduce using rule 3 (expression)


state 16

    3 expression: expression . PLUS expression
    4           | expression . MINUS expression
    4           | expression MINUS expression .
    5           | expression . MULTIPLY expression
    6           | expression . DIVIDE expression

    MULTIPLY  shift, and go to state 11
    DIVIDE    shift, and go to state 12

    $default  reduce using rule 4 (expression)


state 17

    3 expression: expression . PLUS expression
    4           | expression . MINUS expression
    5           | expression . MULTIPLY expression
    5           | expression MULTIPLY expression .
    6           | expression . DIVIDE expression

    $default  reduce using rule 5 (expression)


state 18

    3 expression: expression . PLUS expression
    4           | expression . MINUS expression
    5           | expression . MULTIPLY expression
    6           | expression . DIVIDE expression
    6           | expression DIVIDE expression .

    $default  reduce using rule 6 (expression)
